error[E0277]: the trait bound `TestModule: HasProvider<(dyn DependencyTrait + 'static)>` is not satisfied
  --> $DIR/provider_missing_provider_dependency.rs:21:1
   |
21 | / module! {
22 | |     TestModule {
23 | |         components = [],
24 | |         providers = [ProviderImpl]
25 | |     }
26 | | }
   | |_^ the trait `HasProvider<(dyn DependencyTrait + 'static)>` is not implemented for `TestModule`
   |
   = help: the following implementations were found:
             <TestModule as HasProvider<<ProviderImpl as Provider<TestModule>>::Interface>>
note: required because of the requirements on the impl of `Provider<TestModule>` for `ProviderImpl`
  --> $DIR/provider_missing_provider_dependency.rs:13:10
   |
13 | #[derive(Provider)]
   |          ^^^^^^^^
14 | #[shaku(interface = ProviderTrait)]
15 | struct ProviderImpl {
   |        ^^^^^^^^^^^^
   = note: this error originates in the macro `module` (in Nightly builds, run with -Z macro-backtrace for more info)

error[E0277]: the trait bound `TestModule: HasProvider<(dyn DependencyTrait + 'static)>` is not satisfied
  --> $DIR/provider_missing_provider_dependency.rs:21:1
   |
21 | / module! {
22 | |     TestModule {
23 | |         components = [],
24 | |         providers = [ProviderImpl]
25 | |     }
26 | | }
   | |_^ the trait `HasProvider<(dyn DependencyTrait + 'static)>` is not implemented for `TestModule`
   |
  ::: $WORKSPACE/shaku/src/module/module_traits.rs
   |
   |   pub trait Module: ModuleInterface {
   |                     --------------- required by this bound in `Module`
   |
   = help: the following implementations were found:
             <TestModule as HasProvider<<ProviderImpl as Provider<TestModule>>::Interface>>
note: required because of the requirements on the impl of `Provider<TestModule>` for `ProviderImpl`
  --> $DIR/provider_missing_provider_dependency.rs:13:10
   |
13 | #[derive(Provider)]
   |          ^^^^^^^^
14 | #[shaku(interface = ProviderTrait)]
15 | struct ProviderImpl {
   |        ^^^^^^^^^^^^
note: required because it appears within the type `TestModule`
  --> $DIR/provider_missing_provider_dependency.rs:22:5
   |
22 |     TestModule {
   |     ^^^^^^^^^^
   = note: this error originates in the macro `module` (in Nightly builds, run with -Z macro-backtrace for more info)
